<?xml version="1.0" encoding="UTF-8"?>
<!-- Generated by org.testng.reporters.JUnitXMLReporter -->
<testsuite ignored="0" hostname="HariPC" failures="1" tests="1" name="DemoTests" time="4.627" errors="0" timestamp="2025-11-26T09:39:47 IST">
  <testcase classname="com.globalsqa.test.LoginWeb" name="openUi" time="2.528">
    <failure type="java.lang.AssertionError" message="expected [true] but found [false]">
      <![CDATA[java.lang.AssertionError: expected [true] but found [false]
at com.globalsqa.test.LoginWeb.openUi(LoginWeb.java:16)
at java.base/java.util.ArrayList.forEach(ArrayList.java:1596)
... Removed 29 stack frames]]>
    </failure>
  </testcase> <!-- openUi -->
</testsuite> <!-- DemoTests -->
