<?xml version="1.0" encoding="UTF-8"?>
<testng-results ignored="0" total="1" passed="1" failed="0" skipped="0">
  <reporter-output>
  </reporter-output>
  <suite started-at="2025-11-26T13:56:39 IST" name="Default suite" finished-at="2025-11-26T13:56:42 IST" duration-ms="3004">
    <groups>
    </groups>
    <test started-at="2025-11-26T13:56:39 IST" name="Default test" finished-at="2025-11-26T13:56:42 IST" duration-ms="3004">
      <class name="utils.Login">
        <test-method signature="loginApp()[pri:0, instance:utils.Login@351d00c0]" started-at="2025-11-26T13:56:39 IST" name="loginApp" finished-at="2025-11-26T13:56:42 IST" duration-ms="2972" status="PASS">
          <reporter-output>
          </reporter-output>
        </test-method> <!-- loginApp -->
      </class> <!-- utils.Login -->
    </test> <!-- Default test -->
  </suite> <!-- Default suite -->
</testng-results>
